10/05/2018 12:45:31 PM *** starting new run.
10/05/2018 12:52:33 PM *** starting new run.
10/05/2018 12:52:58 PM *** starting new run.
10/05/2018 12:54:23 PM *** starting new run.
10/05/2018 01:19:51 PM *** starting new run.
10/05/2018 07:34:09 PM *** starting new run.
10/05/2018 07:35:55 PM *** starting new run.
10/05/2018 07:36:27 PM *** starting new run.
10/05/2018 07:36:27 PM loaded 0 entries from food_inspection_chi db
10/05/2018 07:36:27 PM searching AKA_Name: MCDONALD'S -87.6433279836791
10/05/2018 07:53:49 PM *** starting new run.
10/05/2018 07:53:49 PM loaded 0 entries from food_inspection_chi db
10/05/2018 07:53:49 PM searching AKA_Name: MCDONALD'S -87.6433279836791
10/05/2018 07:53:50 PM not found                    -87.6433279836791
10/05/2018 07:53:50 PM *** finished. completed 0 entries
10/05/2018 08:36:14 PM *** starting new run.
10/05/2018 08:36:14 PM loaded 0 entries from food_inspection_chi db
10/05/2018 08:36:14 PM searching AKA_Name: MCDONALD'S -87.6433279836791
10/05/2018 08:36:15 PM not found                    -87.6433279836791
10/05/2018 08:36:15 PM *** finished. completed 0 entries
